1680295127.566706 client started (4989): version 3.3a, socket /tmp/tmux-1000/default, protocol 8
1680295127.566834 on Linux 6.2.8-arch1-1 #1 SMP PREEMPT_DYNAMIC Wed, 22 Mar 2023 22:52:35 +0000
1680295127.566854 using libevent 2.1.12-stable (poll); ncurses 6.4
1680295127.566912 flags are 0x10010000
1680295127.566933 socket is /tmp/tmux-1000/default
1680295127.566982 trying connect
1680295127.576295 add peer 0x55ef8e5b34e0: 6 ((nil))
1680295127.577994 sending message 100 to peer 0x55ef8e5b34e0 (4 bytes)
1680295127.578076 sending message 111 to peer 0x55ef8e5b34e0 (8 bytes)
1680295127.578099 sending message 101 to peer 0x55ef8e5b34e0 (14 bytes)
1680295127.578122 sending message 109 to peer 0x55ef8e5b34e0 (4 bytes)
1680295127.578147 sending message 102 to peer 0x55ef8e5b34e0 (11 bytes)
1680295127.578170 sending message 108 to peer 0x55ef8e5b34e0 (28 bytes)
1680295127.578193 sending message 112 to peer 0x55ef8e5b34e0 (70 bytes)
1680295127.578218 sending message 112 to peer 0x55ef8e5b34e0 (5 bytes)
1680295127.578241 sending message 112 to peer 0x55ef8e5b34e0 (5 bytes)
1680295127.578266 sending message 112 to peer 0x55ef8e5b34e0 (6 bytes)
1680295127.578291 sending message 112 to peer 0x55ef8e5b34e0 (6 bytes)
1680295127.578314 sending message 112 to peer 0x55ef8e5b34e0 (11 bytes)
1680295127.578338 sending message 112 to peer 0x55ef8e5b34e0 (10 bytes)
1680295127.578361 sending message 112 to peer 0x55ef8e5b34e0 (13 bytes)
1680295127.578386 sending message 112 to peer 0x55ef8e5b34e0 (13 bytes)
1680295127.578411 sending message 112 to peer 0x55ef8e5b34e0 (18 bytes)
1680295127.578435 sending message 112 to peer 0x55ef8e5b34e0 (11 bytes)
1680295127.578458 sending message 112 to peer 0x55ef8e5b34e0 (10 bytes)
1680295127.578481 sending message 112 to peer 0x55ef8e5b34e0 (15 bytes)
1680295127.578504 sending message 112 to peer 0x55ef8e5b34e0 (21 bytes)
1680295127.578526 sending message 112 to peer 0x55ef8e5b34e0 (13 bytes)
1680295127.578549 sending message 112 to peer 0x55ef8e5b34e0 (7 bytes)
1680295127.578572 sending message 112 to peer 0x55ef8e5b34e0 (13 bytes)
1680295127.578595 sending message 112 to peer 0x55ef8e5b34e0 (7 bytes)
1680295127.578617 sending message 112 to peer 0x55ef8e5b34e0 (13 bytes)
1680295127.578639 sending message 112 to peer 0x55ef8e5b34e0 (9 bytes)
1680295127.578662 sending message 112 to peer 0x55ef8e5b34e0 (21 bytes)
1680295127.578685 sending message 112 to peer 0x55ef8e5b34e0 (13 bytes)
1680295127.578708 sending message 112 to peer 0x55ef8e5b34e0 (8 bytes)
1680295127.578731 sending message 112 to peer 0x55ef8e5b34e0 (12 bytes)
1680295127.578753 sending message 112 to peer 0x55ef8e5b34e0 (13 bytes)
1680295127.578775 sending message 112 to peer 0x55ef8e5b34e0 (9 bytes)
1680295127.578797 sending message 112 to peer 0x55ef8e5b34e0 (9 bytes)
1680295127.578820 sending message 112 to peer 0x55ef8e5b34e0 (12 bytes)
1680295127.578842 sending message 112 to peer 0x55ef8e5b34e0 (8 bytes)
1680295127.578865 sending message 112 to peer 0x55ef8e5b34e0 (8 bytes)
1680295127.578888 sending message 112 to peer 0x55ef8e5b34e0 (7 bytes)
1680295127.578910 sending message 112 to peer 0x55ef8e5b34e0 (7 bytes)
1680295127.578933 sending message 112 to peer 0x55ef8e5b34e0 (9 bytes)
1680295127.578956 sending message 112 to peer 0x55ef8e5b34e0 (13 bytes)
1680295127.578979 sending message 112 to peer 0x55ef8e5b34e0 (6 bytes)
1680295127.579002 sending message 112 to peer 0x55ef8e5b34e0 (9 bytes)
1680295127.579025 sending message 112 to peer 0x55ef8e5b34e0 (15 bytes)
1680295127.579047 sending message 112 to peer 0x55ef8e5b34e0 (13 bytes)
1680295127.579070 sending message 112 to peer 0x55ef8e5b34e0 (12 bytes)
1680295127.579092 sending message 112 to peer 0x55ef8e5b34e0 (8 bytes)
1680295127.579115 sending message 112 to peer 0x55ef8e5b34e0 (14 bytes)
1680295127.579138 sending message 112 to peer 0x55ef8e5b34e0 (11 bytes)
1680295127.579161 sending message 112 to peer 0x55ef8e5b34e0 (9 bytes)
1680295127.579184 sending message 112 to peer 0x55ef8e5b34e0 (10 bytes)
1680295127.579207 sending message 112 to peer 0x55ef8e5b34e0 (10 bytes)
1680295127.579230 sending message 112 to peer 0x55ef8e5b34e0 (10 bytes)
1680295127.587362 sending message 112 to peer 0x55ef8e5b34e0 (10 bytes)
1680295127.587408 sending message 112 to peer 0x55ef8e5b34e0 (11 bytes)
1680295127.587431 sending message 112 to peer 0x55ef8e5b34e0 (12 bytes)
1680295127.587454 sending message 112 to peer 0x55ef8e5b34e0 (12 bytes)
1680295127.587476 sending message 112 to peer 0x55ef8e5b34e0 (12 bytes)
1680295127.587501 sending message 112 to peer 0x55ef8e5b34e0 (12 bytes)
1680295127.587524 sending message 112 to peer 0x55ef8e5b34e0 (12 bytes)
1680295127.587547 sending message 112 to peer 0x55ef8e5b34e0 (11 bytes)
1680295127.587570 sending message 112 to peer 0x55ef8e5b34e0 (11 bytes)
1680295127.587593 sending message 112 to peer 0x55ef8e5b34e0 (12 bytes)
1680295127.587617 sending message 112 to peer 0x55ef8e5b34e0 (12 bytes)
1680295127.587640 sending message 112 to peer 0x55ef8e5b34e0 (12 bytes)
1680295127.587663 sending message 112 to peer 0x55ef8e5b34e0 (12 bytes)
1680295127.587687 sending message 112 to peer 0x55ef8e5b34e0 (12 bytes)
1680295127.587710 sending message 112 to peer 0x55ef8e5b34e0 (10 bytes)
1680295127.587732 sending message 112 to peer 0x55ef8e5b34e0 (12 bytes)
1680295127.587756 sending message 112 to peer 0x55ef8e5b34e0 (13 bytes)
1680295127.587778 sending message 112 to peer 0x55ef8e5b34e0 (13 bytes)
1680295127.587802 sending message 112 to peer 0x55ef8e5b34e0 (13 bytes)
1680295127.587825 sending message 112 to peer 0x55ef8e5b34e0 (13 bytes)
1680295127.587848 sending message 112 to peer 0x55ef8e5b34e0 (13 bytes)
1680295127.587871 sending message 112 to peer 0x55ef8e5b34e0 (8 bytes)
1680295127.587894 sending message 112 to peer 0x55ef8e5b34e0 (11 bytes)
1680295127.587918 sending message 112 to peer 0x55ef8e5b34e0 (11 bytes)
1680295127.587942 sending message 112 to peer 0x55ef8e5b34e0 (11 bytes)
1680295127.587965 sending message 112 to peer 0x55ef8e5b34e0 (12 bytes)
1680295127.593358 sending message 112 to peer 0x55ef8e5b34e0 (12 bytes)
1680295127.593462 sending message 112 to peer 0x55ef8e5b34e0 (12 bytes)
1680295127.593487 sending message 112 to peer 0x55ef8e5b34e0 (12 bytes)
1680295127.593511 sending message 112 to peer 0x55ef8e5b34e0 (13 bytes)
1680295127.593537 sending message 112 to peer 0x55ef8e5b34e0 (13 bytes)
1680295127.593560 sending message 112 to peer 0x55ef8e5b34e0 (13 bytes)
1680295127.593583 sending message 112 to peer 0x55ef8e5b34e0 (8 bytes)
1680295127.593607 sending message 112 to peer 0x55ef8e5b34e0 (13 bytes)
1680295127.593630 sending message 112 to peer 0x55ef8e5b34e0 (13 bytes)
1680295127.593653 sending message 112 to peer 0x55ef8e5b34e0 (13 bytes)
1680295127.593676 sending message 112 to peer 0x55ef8e5b34e0 (13 bytes)
1680295127.593700 sending message 112 to peer 0x55ef8e5b34e0 (13 bytes)
1680295127.593723 sending message 112 to peer 0x55ef8e5b34e0 (12 bytes)
1680295127.593746 sending message 112 to peer 0x55ef8e5b34e0 (12 bytes)
1680295127.593770 sending message 112 to peer 0x55ef8e5b34e0 (12 bytes)
1680295127.593794 sending message 112 to peer 0x55ef8e5b34e0 (12 bytes)
1680295127.593818 sending message 112 to peer 0x55ef8e5b34e0 (13 bytes)
1680295127.593841 sending message 112 to peer 0x55ef8e5b34e0 (8 bytes)
1680295127.593864 sending message 112 to peer 0x55ef8e5b34e0 (13 bytes)
1680295127.593887 sending message 112 to peer 0x55ef8e5b34e0 (13 bytes)
1680295127.593910 sending message 112 to peer 0x55ef8e5b34e0 (13 bytes)
1680295127.593933 sending message 112 to peer 0x55ef8e5b34e0 (13 bytes)
1680295127.593957 sending message 112 to peer 0x55ef8e5b34e0 (13 bytes)
1680295127.593980 sending message 112 to peer 0x55ef8e5b34e0 (13 bytes)
1680295127.594003 sending message 112 to peer 0x55ef8e5b34e0 (13 bytes)
1680295127.594027 sending message 112 to peer 0x55ef8e5b34e0 (12 bytes)
1680295127.594050 sending message 112 to peer 0x55ef8e5b34e0 (12 bytes)
1680295127.594074 sending message 112 to peer 0x55ef8e5b34e0 (12 bytes)
1680295127.594097 sending message 112 to peer 0x55ef8e5b34e0 (8 bytes)
1680295127.594122 sending message 112 to peer 0x55ef8e5b34e0 (12 bytes)
1680295127.594145 sending message 112 to peer 0x55ef8e5b34e0 (13 bytes)
1680295127.594231 sending message 112 to peer 0x55ef8e5b34e0 (13 bytes)
1680295127.594255 sending message 112 to peer 0x55ef8e5b34e0 (13 bytes)
1680295127.594279 sending message 112 to peer 0x55ef8e5b34e0 (13 bytes)
1680295127.594303 sending message 112 to peer 0x55ef8e5b34e0 (13 bytes)
1680295127.594328 sending message 112 to peer 0x55ef8e5b34e0 (13 bytes)
1680295127.594351 sending message 112 to peer 0x55ef8e5b34e0 (13 bytes)
1680295127.594374 sending message 112 to peer 0x55ef8e5b34e0 (13 bytes)
1680295127.594398 sending message 112 to peer 0x55ef8e5b34e0 (12 bytes)
1680295127.594422 sending message 112 to peer 0x55ef8e5b34e0 (10 bytes)
1680295127.594445 sending message 112 to peer 0x55ef8e5b34e0 (12 bytes)
1680295127.594468 sending message 112 to peer 0x55ef8e5b34e0 (12 bytes)
1680295127.594491 sending message 112 to peer 0x55ef8e5b34e0 (12 bytes)
1680295127.594515 sending message 112 to peer 0x55ef8e5b34e0 (13 bytes)
1680295127.594538 sending message 112 to peer 0x55ef8e5b34e0 (13 bytes)
1680295127.594561 sending message 112 to peer 0x55ef8e5b34e0 (13 bytes)
1680295127.594584 sending message 112 to peer 0x55ef8e5b34e0 (13 bytes)
1680295127.594608 sending message 112 to peer 0x55ef8e5b34e0 (13 bytes)
1680295127.594631 sending message 112 to peer 0x55ef8e5b34e0 (13 bytes)
1680295127.594654 sending message 112 to peer 0x55ef8e5b34e0 (13 bytes)
1680295127.594678 sending message 112 to peer 0x55ef8e5b34e0 (10 bytes)
1680295127.594701 sending message 112 to peer 0x55ef8e5b34e0 (13 bytes)
1680295127.594724 sending message 112 to peer 0x55ef8e5b34e0 (12 bytes)
1680295127.594748 sending message 112 to peer 0x55ef8e5b34e0 (12 bytes)
1680295127.594771 sending message 112 to peer 0x55ef8e5b34e0 (12 bytes)
1680295127.594794 sending message 112 to peer 0x55ef8e5b34e0 (10 bytes)
1680295127.594818 sending message 112 to peer 0x55ef8e5b34e0 (10 bytes)
1680295127.594841 sending message 112 to peer 0x55ef8e5b34e0 (10 bytes)
1680295127.594864 sending message 112 to peer 0x55ef8e5b34e0 (12 bytes)
1680295127.594887 sending message 112 to peer 0x55ef8e5b34e0 (13 bytes)
1680295127.594911 sending message 112 to peer 0x55ef8e5b34e0 (13 bytes)
1680295127.594935 sending message 112 to peer 0x55ef8e5b34e0 (13 bytes)
1680295127.594959 sending message 112 to peer 0x55ef8e5b34e0 (13 bytes)
1680295127.594983 sending message 112 to peer 0x55ef8e5b34e0 (13 bytes)
1680295127.595006 sending message 112 to peer 0x55ef8e5b34e0 (11 bytes)
1680295127.595029 sending message 112 to peer 0x55ef8e5b34e0 (11 bytes)
1680295127.595052 sending message 112 to peer 0x55ef8e5b34e0 (12 bytes)
1680295127.595076 sending message 112 to peer 0x55ef8e5b34e0 (12 bytes)
1680295127.595099 sending message 112 to peer 0x55ef8e5b34e0 (12 bytes)
1680295127.595123 sending message 112 to peer 0x55ef8e5b34e0 (12 bytes)
1680295127.595146 sending message 112 to peer 0x55ef8e5b34e0 (12 bytes)
1680295127.595170 sending message 112 to peer 0x55ef8e5b34e0 (11 bytes)
1680295127.595193 sending message 112 to peer 0x55ef8e5b34e0 (12 bytes)
1680295127.595215 sending message 112 to peer 0x55ef8e5b34e0 (12 bytes)
1680295127.595239 sending message 112 to peer 0x55ef8e5b34e0 (13 bytes)
1680295127.595261 sending message 112 to peer 0x55ef8e5b34e0 (13 bytes)
1680295127.595285 sending message 112 to peer 0x55ef8e5b34e0 (13 bytes)
1680295127.595308 sending message 112 to peer 0x55ef8e5b34e0 (13 bytes)
1680295127.595332 sending message 112 to peer 0x55ef8e5b34e0 (13 bytes)
1680295127.595355 sending message 112 to peer 0x55ef8e5b34e0 (10 bytes)
1680295127.595379 sending message 112 to peer 0x55ef8e5b34e0 (9 bytes)
1680295127.595401 sending message 112 to peer 0x55ef8e5b34e0 (12 bytes)
1680295127.595424 sending message 112 to peer 0x55ef8e5b34e0 (13 bytes)
1680295127.595447 sending message 112 to peer 0x55ef8e5b34e0 (13 bytes)
1680295127.595470 sending message 112 to peer 0x55ef8e5b34e0 (13 bytes)
1680295127.595494 sending message 112 to peer 0x55ef8e5b34e0 (13 bytes)
1680295127.595517 sending message 112 to peer 0x55ef8e5b34e0 (13 bytes)
1680295127.595565 sending message 112 to peer 0x55ef8e5b34e0 (9 bytes)
1680295127.595588 sending message 112 to peer 0x55ef8e5b34e0 (12 bytes)
1680295127.595611 sending message 112 to peer 0x55ef8e5b34e0 (13 bytes)
1680295127.595634 sending message 112 to peer 0x55ef8e5b34e0 (13 bytes)
1680295127.595656 sending message 112 to peer 0x55ef8e5b34e0 (13 bytes)
1680295127.595679 sending message 112 to peer 0x55ef8e5b34e0 (13 bytes)
1680295127.595701 sending message 112 to peer 0x55ef8e5b34e0 (13 bytes)
1680295127.595723 sending message 112 to peer 0x55ef8e5b34e0 (11 bytes)
1680295127.595747 sending message 112 to peer 0x55ef8e5b34e0 (12 bytes)
1680295127.607220 sending message 112 to peer 0x55ef8e5b34e0 (13 bytes)
1680295127.607306 sending message 112 to peer 0x55ef8e5b34e0 (13 bytes)
1680295127.607330 sending message 112 to peer 0x55ef8e5b34e0 (13 bytes)
1680295127.607353 sending message 112 to peer 0x55ef8e5b34e0 (13 bytes)
1680295127.607376 sending message 112 to peer 0x55ef8e5b34e0 (13 bytes)
1680295127.607400 sending message 112 to peer 0x55ef8e5b34e0 (11 bytes)
1680295127.607422 sending message 112 to peer 0x55ef8e5b34e0 (12 bytes)
1680295127.607446 sending message 112 to peer 0x55ef8e5b34e0 (12 bytes)
1680295127.607470 sending message 112 to peer 0x55ef8e5b34e0 (12 bytes)
1680295127.607493 sending message 112 to peer 0x55ef8e5b34e0 (12 bytes)
1680295127.607515 sending message 112 to peer 0x55ef8e5b34e0 (12 bytes)
1680295127.607538 sending message 112 to peer 0x55ef8e5b34e0 (21 bytes)
1680295127.607561 sending message 112 to peer 0x55ef8e5b34e0 (12 bytes)
1680295127.607585 sending message 112 to peer 0x55ef8e5b34e0 (9 bytes)
1680295127.607608 sending message 112 to peer 0x55ef8e5b34e0 (6 bytes)
1680295127.607632 sending message 112 to peer 0x55ef8e5b34e0 (13 bytes)
1680295127.607655 sending message 112 to peer 0x55ef8e5b34e0 (8 bytes)
1680295127.607678 sending message 112 to peer 0x55ef8e5b34e0 (15 bytes)
1680295127.607702 sending message 112 to peer 0x55ef8e5b34e0 (13 bytes)
1680295127.607725 sending message 112 to peer 0x55ef8e5b34e0 (9 bytes)
1680295127.607749 sending message 112 to peer 0x55ef8e5b34e0 (70 bytes)
1680295127.607772 sending message 112 to peer 0x55ef8e5b34e0 (69 bytes)
1680295127.607796 sending message 112 to peer 0x55ef8e5b34e0 (10 bytes)
1680295127.607819 sending message 112 to peer 0x55ef8e5b34e0 (10 bytes)
1680295127.607842 sending message 112 to peer 0x55ef8e5b34e0 (8 bytes)
1680295127.607865 sending message 112 to peer 0x55ef8e5b34e0 (15 bytes)
1680295127.607888 sending message 112 to peer 0x55ef8e5b34e0 (13 bytes)
1680295127.607910 sending message 112 to peer 0x55ef8e5b34e0 (10 bytes)
1680295127.607934 sending message 112 to peer 0x55ef8e5b34e0 (10 bytes)
1680295127.607958 sending message 112 to peer 0x55ef8e5b34e0 (17 bytes)
1680295127.607981 sending message 112 to peer 0x55ef8e5b34e0 (10 bytes)
1680295127.608003 sending message 112 to peer 0x55ef8e5b34e0 (13 bytes)
1680295127.608026 sending message 112 to peer 0x55ef8e5b34e0 (9 bytes)
1680295127.608048 sending message 112 to peer 0x55ef8e5b34e0 (5 bytes)
1680295127.608072 sending message 112 to peer 0x55ef8e5b34e0 (15 bytes)
1680295127.608100 sending message 104 to peer 0x55ef8e5b34e0 (0 bytes)
1680295127.608124 sending message 110 to peer 0x55ef8e5b34e0 (0 bytes)
1680295127.608150 sending message 107 to peer 0x55ef8e5b34e0 (4 bytes)
1680295127.608173 sending message 105 to peer 0x55ef8e5b34e0 (38 bytes)
1680295127.608196 sending message 105 to peer 0x55ef8e5b34e0 (55 bytes)
1680295127.608220 sending message 105 to peer 0x55ef8e5b34e0 (29 bytes)
1680295127.608242 sending message 105 to peer 0x55ef8e5b34e0 (16 bytes)
1680295127.608265 sending message 105 to peer 0x55ef8e5b34e0 (20 bytes)
1680295127.608289 sending message 105 to peer 0x55ef8e5b34e0 (54 bytes)
1680295127.608311 sending message 105 to peer 0x55ef8e5b34e0 (50 bytes)
1680295127.608334 sending message 105 to peer 0x55ef8e5b34e0 (22 bytes)
1680295127.608357 sending message 105 to peer 0x55ef8e5b34e0 (11 bytes)
1680295127.608380 sending message 105 to peer 0x55ef8e5b34e0 (12 bytes)
1680295127.608403 sending message 105 to peer 0x55ef8e5b34e0 (30 bytes)
1680295127.608477 sending message 105 to peer 0x55ef8e5b34e0 (10 bytes)
1680295127.608502 sending message 105 to peer 0x55ef8e5b34e0 (32 bytes)
1680295127.608526 sending message 105 to peer 0x55ef8e5b34e0 (20 bytes)
1680295127.608550 sending message 105 to peer 0x55ef8e5b34e0 (17 bytes)
1680295127.608574 sending message 105 to peer 0x55ef8e5b34e0 (23 bytes)
1680295127.608597 sending message 105 to peer 0x55ef8e5b34e0 (30 bytes)
1680295127.608620 sending message 105 to peer 0x55ef8e5b34e0 (27 bytes)
1680295127.608644 sending message 105 to peer 0x55ef8e5b34e0 (24 bytes)
1680295127.608667 sending message 105 to peer 0x55ef8e5b34e0 (20 bytes)
1680295127.608691 sending message 105 to peer 0x55ef8e5b34e0 (23 bytes)
1680295127.608714 sending message 105 to peer 0x55ef8e5b34e0 (21 bytes)
1680295127.608738 sending message 105 to peer 0x55ef8e5b34e0 (25 bytes)
1680295127.608761 sending message 105 to peer 0x55ef8e5b34e0 (20 bytes)
1680295127.608785 sending message 105 to peer 0x55ef8e5b34e0 (42 bytes)
1680295127.608808 sending message 105 to peer 0x55ef8e5b34e0 (8 bytes)
1680295127.608831 sending message 105 to peer 0x55ef8e5b34e0 (17 bytes)
1680295127.608855 sending message 105 to peer 0x55ef8e5b34e0 (32 bytes)
1680295127.608879 sending message 105 to peer 0x55ef8e5b34e0 (1764 bytes)
1680295127.608955 sending message 105 to peer 0x55ef8e5b34e0 (30 bytes)
1680295127.608980 sending message 105 to peer 0x55ef8e5b34e0 (15 bytes)
1680295127.609003 sending message 105 to peer 0x55ef8e5b34e0 (55 bytes)
1680295127.609025 sending message 105 to peer 0x55ef8e5b34e0 (16 bytes)
1680295127.609048 sending message 105 to peer 0x55ef8e5b34e0 (28 bytes)
1680295127.609071 sending message 105 to peer 0x55ef8e5b34e0 (64 bytes)
1680295127.609094 sending message 105 to peer 0x55ef8e5b34e0 (35 bytes)
1680295127.609116 sending message 105 to peer 0x55ef8e5b34e0 (11 bytes)
1680295127.609139 sending message 105 to peer 0x55ef8e5b34e0 (212 bytes)
1680295127.609161 sending message 105 to peer 0x55ef8e5b34e0 (32 bytes)
1680295127.609184 sending message 105 to peer 0x55ef8e5b34e0 (27 bytes)
1680295127.609207 sending message 105 to peer 0x55ef8e5b34e0 (15 bytes)
1680295127.609230 sending message 105 to peer 0x55ef8e5b34e0 (8 bytes)
1680295127.609253 sending message 105 to peer 0x55ef8e5b34e0 (72 bytes)
1680295127.609276 sending message 105 to peer 0x55ef8e5b34e0 (25 bytes)
1680295127.609351 sending message 105 to peer 0x55ef8e5b34e0 (19 bytes)
1680295127.609381 sending message 105 to peer 0x55ef8e5b34e0 (18 bytes)
1680295127.609403 sending message 105 to peer 0x55ef8e5b34e0 (26 bytes)
1680295127.609425 sending message 105 to peer 0x55ef8e5b34e0 (35 bytes)
1680295127.609448 sending message 105 to peer 0x55ef8e5b34e0 (13 bytes)
1680295127.609470 sending message 105 to peer 0x55ef8e5b34e0 (14 bytes)
1680295127.609493 sending message 105 to peer 0x55ef8e5b34e0 (18 bytes)
1680295127.609515 sending message 105 to peer 0x55ef8e5b34e0 (27 bytes)
1680295127.609538 sending message 105 to peer 0x55ef8e5b34e0 (38 bytes)
1680295127.609560 sending message 105 to peer 0x55ef8e5b34e0 (21 bytes)
1680295127.609583 sending message 105 to peer 0x55ef8e5b34e0 (65 bytes)
1680295127.609606 sending message 105 to peer 0x55ef8e5b34e0 (31 bytes)
1680295127.609628 sending message 105 to peer 0x55ef8e5b34e0 (15 bytes)
1680295127.609651 sending message 105 to peer 0x55ef8e5b34e0 (52 bytes)
1680295127.609675 sending message 105 to peer 0x55ef8e5b34e0 (23 bytes)
1680295127.609698 sending message 105 to peer 0x55ef8e5b34e0 (21 bytes)
1680295127.609721 sending message 105 to peer 0x55ef8e5b34e0 (17 bytes)
1680295127.609744 sending message 105 to peer 0x55ef8e5b34e0 (58 bytes)
1680295127.609767 sending message 105 to peer 0x55ef8e5b34e0 (21 bytes)
1680295127.609790 sending message 105 to peer 0x55ef8e5b34e0 (11 bytes)
1680295127.609813 sending message 105 to peer 0x55ef8e5b34e0 (30 bytes)
1680295127.609836 sending message 105 to peer 0x55ef8e5b34e0 (16 bytes)
1680295127.609859 sending message 105 to peer 0x55ef8e5b34e0 (30 bytes)
1680295127.609908 sending message 105 to peer 0x55ef8e5b34e0 (13 bytes)
1680295127.609931 sending message 106 to peer 0x55ef8e5b34e0 (0 bytes)
1680295127.610179 sending message 200 to peer 0x55ef8e5b34e0 (4 bytes)
1680295127.610206 client loop enter
1680295127.667573 peer 0x55ef8e5b34e0 message 303
1680295127.667653 open write file 2 -
1680295127.667698 sending message 305 to peer 0x55ef8e5b34e0 (8 bytes)
1680295127.667820 write check file 2
1680295127.682951 peer 0x55ef8e5b34e0 message 304
1680295127.683027 write 58 to file 2
1680295127.683055 peer 0x55ef8e5b34e0 message 203
1680295127.683076 file 2 58 bytes left
1680295127.683228 write check file 2
1680295127.683253 client loop exit
